C51 COMPILER V9.05   LCD1602                                                               05/25/2014 17:11:48 PAGE 1   


C51 COMPILER V9.05, COMPILATION OF MODULE LCD1602
OBJECT MODULE PLACED IN lcd1602.OBJ
COMPILER INVOKED BY: D:\Keil\C51\BIN\C51.EXE lcd1602.c BROWSE DEBUG OBJECTEXTEND

line level    source

   1          #include <reg52.h>
   2          #include <intrins.h>
   3          
   4          #include"lcd1602.h"
   5          
   6          
   7          /***********1602液晶显示部分子程序****************/
   8          void lcddelay(unsigned int z)
   9          {
  10   1              unsigned int x,y;
  11   1              for(x=z;x>0;x--)
  12   1                      for(y=110;y>0;y--);
  13   1      }
  14          
  15           void  LCD_Write(bit style, unsigned char input)
  16          {
  17   1              LcdRs=style;
  18   1              P0=input; 
  19   1              lcddelay(5);
  20   1              LcdEn=1;
  21   1              lcddelay(5);    
  22   1              LcdEn=0;        
  23   1      }
  24          
  25          
  26          void LCD_SetDisplay(unsigned char DisplayMode)
  27          {
  28   1              LCD_Write(LCD_COMMAND, 0x08|DisplayMode);       
  29   1      }
  30          
  31          
  32          
  33          void LCD_SetInput(unsigned char InputMode)
  34          {
  35   1              LCD_Write(LCD_COMMAND, 0x04|InputMode);
  36   1      }
  37          
  38          //初始化LCD************************************************************
  39          void LCD_Initial()
  40          {
  41   1              LcdEn=0;
  42   1              LCD_Write(LCD_COMMAND,0x38);           //8位数据端口,2行显示,5*7点阵
  43   1              LCD_Write(LCD_COMMAND,0x38);
  44   1              LCD_SetDisplay(LCD_SHOW|LCD_NO_CURSOR);    //开启显示, 无光标
  45   1              LCD_Write(LCD_COMMAND,LCD_CLEAR_SCREEN);   //清屏
  46   1              LCD_SetInput(LCD_AC_UP|LCD_NO_MOVE);       //AC递增, 画面不动
  47   1      }
  48          
  49          //液晶字符输入的位置************************
  50          void GotoXY(unsigned char x, unsigned char y)
  51          {
  52   1              if(y==0)
  53   1                      LCD_Write(LCD_COMMAND,0x80|x);
  54   1              if(y==1)
  55   1                      LCD_Write(LCD_COMMAND,0x80|(x-0x40));
C51 COMPILER V9.05   LCD1602                                                               05/25/2014 17:11:48 PAGE 2   

  56   1      }
  57          
  58          //将字符输出到液晶显示
  59          void Print(unsigned char *str)
  60          {
  61   1              while(*str!='\0')
  62   1              {
  63   2                      LCD_Write(LCD_DATA,*str);
  64   2                      str++;
  65   2              }
  66   1      }
  67          
  68          


MODULE INFORMATION:   STATIC OVERLAYABLE
   CODE SIZE        =    168    ----
   CONSTANT SIZE    =   ----    ----
   XDATA SIZE       =   ----    ----
   PDATA SIZE       =   ----    ----
   DATA SIZE        =   ----       1
   IDATA SIZE       =   ----    ----
   BIT SIZE         =   ----       1
END OF MODULE INFORMATION.


C51 COMPILATION COMPLETE.  0 WARNING(S),  0 ERROR(S)
